# JRE version: OpenJDK Runtime Environment Temurin-21.0.3+9 (21.0.3+9) (build 21.0.3+9-LTS)
# Java VM: OpenJDK 64-Bit Server VM Temurin-21.0.3+9 (21.0.3+9-LTS, mixed mode, sharing, tiered, compressed oops, compressed class ptrs, g1 gc, windows-amd64)
GC Precious Log:
 CardTable entry size: 512
 Card Set container configuration: InlinePtr #cards 4 size 8 Array Of Cards #cards 32 size 80 Howl #buckets 8 coarsen threshold 7372 Howl Bitmap #cards 1024 size 144 coarsen threshold 921 Card regions per heap region 1 cards per card region 8192
 CPUs: 12 total, 12 available
 Memory: 7518M
 Large Page Support: Disabled
 NUMA Support: Disabled
 Compressed Oops: Enabled (Zero based)
 Heap Region Size: 4M
 Heap Min Capacity: 8M
 Heap Initial Capacity: 120M
 Heap Max Capacity: 8G
 Pre-touch: Disabled
 Parallel Workers: 10
 Concurrent Workers: 3
 Concurrent Refinement Workers: 10
 Periodic GC: Disabled
Heap:
 garbage-first heap   total 294912K, used 238793K [0x0000000600000000, 0x0000000800000000)
  region size 4096K, 18 young (73728K), 2 survivors (8192K)
 Metaspace       used 155696K, committed 158528K, reserved 1245184K
  class space    used 20503K, committed 21888K, reserved 1048576K
GC Heap History (20 events):
Event: 15.570 GC heap before
{Heap before GC invocations=27 (full 0):
 garbage-first heap   total 184320K, used 158728K [0x0000000600000000, 0x0000000800000000)
  region size 4096K, 13 young (53248K), 2 survivors (8192K)
 Metaspace       used 95395K, committed 97728K, reserved 1179648K
  class space    used 13686K, committed 14848K, reserved 1048576K
}
Event: 15.582 GC heap after
{Heap after GC invocations=28 (full 0):
 garbage-first heap   total 184320K, used 115978K [0x0000000600000000, 0x0000000800000000)
  region size 4096K, 2 young (8192K), 2 survivors (8192K)
 Metaspace       used 95395K, committed 97728K, reserved 1179648K
  class space    used 13686K, committed 14848K, reserved 1048576K
}
Event: 15.753 GC heap before
{Heap before GC invocations=28 (full 0):
 garbage-first heap   total 184320K, used 156938K [0x0000000600000000, 0x0000000800000000)
  region size 4096K, 12 young (49152K), 2 survivors (8192K)
 Metaspace       used 95865K, committed 98112K, reserved 1179648K
  class space    used 13730K, committed 14848K, reserved 1048576K
}
Event: 15.764 GC heap after
{Heap after GC invocations=29 (full 0):
 garbage-first heap   total 221184K, used 127633K [0x0000000600000000, 0x0000000800000000)
  region size 4096K, 2 young (8192K), 2 survivors (8192K)
 Metaspace       used 95865K, committed 98112K, reserved 1179648K
  class space    used 13730K, committed 14848K, reserved 1048576K
}
Event: 16.410 GC heap before
{Heap before GC invocations=30 (full 0):
 garbage-first heap   total 225280K, used 193169K [0x0000000600000000, 0x0000000800000000)
  region size 4096K, 16 young (65536K), 2 survivors (8192K)
 Metaspace       used 101535K, committed 103872K, reserved 1179648K
  class space    used 14384K, committed 15552K, reserved 1048576K
}
Event: 16.417 GC heap after
{Heap after GC invocations=31 (full 0):
 garbage-first heap   total 225280K, used 143078K [0x0000000600000000, 0x0000000800000000)
  region size 4096K, 2 young (8192K), 2 survivors (8192K)
 Metaspace       used 101535K, committed 103872K, reserved 1179648K
  class space    used 14384K, committed 15552K, reserved 1048576K
}
Event: 16.922 GC heap before
{Heap before GC invocations=31 (full 0):
 garbage-first heap   total 225280K, used 192230K [0x0000000600000000, 0x0000000800000000)
  region size 4096K, 14 young (57344K), 2 survivors (8192K)
 Metaspace       used 107665K, committed 110336K, reserved 1179648K
  class space    used 15034K, committed 16384K, reserved 1048576K
}
Event: 16.926 GC heap after
{Heap after GC invocations=32 (full 0):
 garbage-first heap   total 225280K, used 144679K [0x0000000600000000, 0x0000000800000000)
  region size 4096K, 1 young (4096K), 1 survivors (4096K)
 Metaspace       used 107665K, committed 110336K, reserved 1179648K
  class space    used 15034K, committed 16384K, reserved 1048576K
}
Event: 17.555 GC heap before
{Heap before GC invocations=32 (full 0):
 garbage-first heap   total 225280K, used 197927K [0x0000000600000000, 0x0000000800000000)
  region size 4096K, 14 young (57344K), 1 survivors (4096K)
 Metaspace       used 114110K, committed 116800K, reserved 1179648K
  class space    used 15878K, committed 17216K, reserved 1048576K
}
Event: 17.560 GC heap after
{Heap after GC invocations=33 (full 0):
 garbage-first heap   total 225280K, used 148990K [0x0000000600000000, 0x0000000800000000)
  region size 4096K, 2 young (8192K), 2 survivors (8192K)
 Metaspace       used 114110K, committed 116800K, reserved 1179648K
  class space    used 15878K, committed 17216K, reserved 1048576K
}
Event: 18.003 GC heap before
{Heap before GC invocations=34 (full 0):
 garbage-first heap   total 286720K, used 198142K [0x0000000600000000, 0x0000000800000000)
  region size 4096K, 14 young (57344K), 2 survivors (8192K)
 Metaspace       used 116021K, committed 118656K, reserved 1179648K
  class space    used 16107K, committed 17408K, reserved 1048576K
}
Event: 18.009 GC heap after
{Heap after GC invocations=35 (full 0):
 garbage-first heap   total 286720K, used 151902K [0x0000000600000000, 0x0000000800000000)
  region size 4096K, 1 young (4096K), 1 survivors (4096K)
 Metaspace       used 116021K, committed 118656K, reserved 1179648K
  class space    used 16107K, committed 17408K, reserved 1048576K
}
Event: 19.361 GC heap before
{Heap before GC invocations=35 (full 0):
 garbage-first heap   total 286720K, used 254302K [0x0000000600000000, 0x0000000800000000)
  region size 4096K, 26 young (106496K), 1 survivors (4096K)
 Metaspace       used 126799K, committed 129472K, reserved 1179648K
  class space    used 17287K, committed 18624K, reserved 1048576K
}
Event: 19.370 GC heap after
{Heap after GC invocations=36 (full 0):
 garbage-first heap   total 286720K, used 159097K [0x0000000600000000, 0x0000000800000000)
  region size 4096K, 3 young (12288K), 3 survivors (12288K)
 Metaspace       used 126799K, committed 129472K, reserved 1179648K
  class space    used 17287K, committed 18624K, reserved 1048576K
}
Event: 20.529 GC heap before
{Heap before GC invocations=36 (full 0):
 garbage-first heap   total 286720K, used 253305K [0x0000000600000000, 0x0000000800000000)
  region size 4096K, 26 young (106496K), 3 survivors (12288K)
 Metaspace       used 139884K, committed 142656K, reserved 1179648K
  class space    used 18545K, committed 19904K, reserved 1048576K
}
Event: 20.538 GC heap after
{Heap after GC invocations=37 (full 0):
 garbage-first heap   total 286720K, used 165823K [0x0000000600000000, 0x0000000800000000)
  region size 4096K, 4 young (16384K), 4 survivors (16384K)
 Metaspace       used 139884K, committed 142656K, reserved 1179648K
  class space    used 18545K, committed 19904K, reserved 1048576K
}
Event: 21.400 GC heap before
{Heap before GC invocations=38 (full 0):
 garbage-first heap   total 294912K, used 243647K [0x0000000600000000, 0x0000000800000000)
  region size 4096K, 24 young (98304K), 4 survivors (16384K)
 Metaspace       used 145959K, committed 148736K, reserved 1179648K
  class space    used 19179K, committed 20544K, reserved 1048576K
}
Event: 21.410 GC heap after
{Heap after GC invocations=39 (full 0):
 garbage-first heap   total 294912K, used 177238K [0x0000000600000000, 0x0000000800000000)
  region size 4096K, 3 young (12288K), 3 survivors (12288K)
 Metaspace       used 145959K, committed 148736K, reserved 1179648K
  class space    used 19179K, committed 20544K, reserved 1048576K
}
Event: 22.311 GC heap before
{Heap before GC invocations=39 (full 0):
 garbage-first heap   total 294912K, used 259158K [0x0000000600000000, 0x0000000800000000)
  region size 4096K, 23 young (94208K), 3 survivors (12288K)
 Metaspace       used 151734K, committed 154496K, reserved 1245184K
  class space    used 19952K, committed 21312K, reserved 1048576K
}
Event: 22.318 GC heap after
{Heap after GC invocations=40 (full 0):
 garbage-first heap   total 294912K, used 177353K [0x0000000600000000, 0x0000000800000000)
  region size 4096K, 2 young (8192K), 2 survivors (8192K)
 Metaspace       used 151734K, committed 154496K, reserved 1245184K
  class space    used 19952K, committed 21312K, reserved 1048576K
}

