# JRE version: OpenJDK Runtime Environment Temurin-21.0.9+10 (21.0.9+10) (build 21.0.9+10-LTS)
# Java VM: OpenJDK 64-Bit Server VM Temurin-21.0.9+10 (21.0.9+10-LTS, mixed mode, sharing, tiered, compressed oops, compressed class ptrs, parallel gc, windows-amd64)
GC Precious Log:
 CardTable entry size: 512
 CPUs: 12 total, 12 available
 Memory: 7518M
 Large Page Support: Disabled
 NUMA Support: Disabled
 Compressed Oops: Enabled (32-bit)
 Alignments: Space 512K, Generation 512K, Heap 2M
 Heap Min Capacity: 100M
 Heap Initial Capacity: 100M
 Heap Max Capacity: 2G
 Pre-touch: Disabled
 Parallel Workers: 10
Heap:
 PSYoungGen      total 5120K, used 3259K [0x00000000d5580000, 0x00000000d5d80000, 0x0000000100000000)
  eden space 4608K, 65% used [0x00000000d5580000,0x00000000d586ee28,0x00000000d5a00000)
  from space 512K, 50% used [0x00000000d5d00000,0x00000000d5d40000,0x00000000d5d80000)
  to   space 1024K, 0% used [0x00000000d5b80000,0x00000000d5b80000,0x00000000d5c80000)
 ParOldGen       total 858624K, used 858320K [0x0000000080000000, 0x00000000b4680000, 0x00000000d5580000)
  object space 858624K, 99% used [0x0000000080000000,0x00000000b4634058,0x00000000b4680000)
 Metaspace       used 85084K, committed 86784K, reserved 1179648K
  class space    used 10137K, committed 10880K, reserved 1048576K
GC Heap History (20 events):
Event: 4220.119 GC heap before
{Heap before GC invocations=2110 (full 3):
 PSYoungGen      total 5632K, used 5381K [0x00000000d5580000, 0x00000000d6100000, 0x0000000100000000)
  eden space 3072K, 93% used [0x00000000d5580000,0x00000000d5851528,0x00000000d5880000)
  from space 2560K, 97% used [0x00000000d5e80000,0x00000000d60f0000,0x00000000d6100000)
  to   space 3584K, 0% used [0x00000000d5a00000,0x00000000d5a00000,0x00000000d5d80000)
 ParOldGen       total 833536K, used 833514K [0x0000000080000000, 0x00000000b2e00000, 0x00000000d5580000)
  object space 833536K, 99% used [0x0000000080000000,0x00000000b2dfaa58,0x00000000b2e00000)
 Metaspace       used 84867K, committed 86592K, reserved 1179648K
  class space    used 10124K, committed 10880K, reserved 1048576K
}
Event: 4220.126 GC heap after
{Heap after GC invocations=2110 (full 3):
 PSYoungGen      total 7168K, used 2624K [0x00000000d5580000, 0x00000000d5f80000, 0x0000000100000000)
  eden space 4096K, 0% used [0x00000000d5580000,0x00000000d5580000,0x00000000d5980000)
  from space 3072K, 85% used [0x00000000d5a00000,0x00000000d5c90000,0x00000000d5d00000)
  to   space 2560K, 0% used [0x00000000d5d00000,0x00000000d5d00000,0x00000000d5f80000)
 ParOldGen       total 836096K, used 835826K [0x0000000080000000, 0x00000000b3080000, 0x00000000d5580000)
  object space 836096K, 99% used [0x0000000080000000,0x00000000b303ca58,0x00000000b3080000)
 Metaspace       used 84867K, committed 86592K, reserved 1179648K
  class space    used 10124K, committed 10880K, reserved 1048576K
}
Event: 4240.337 GC heap before
{Heap before GC invocations=2111 (full 3):
 PSYoungGen      total 7168K, used 6720K [0x00000000d5580000, 0x00000000d5f80000, 0x0000000100000000)
  eden space 4096K, 100% used [0x00000000d5580000,0x00000000d5980000,0x00000000d5980000)
  from space 3072K, 85% used [0x00000000d5a00000,0x00000000d5c90000,0x00000000d5d00000)
  to   space 2560K, 0% used [0x00000000d5d00000,0x00000000d5d00000,0x00000000d5f80000)
 ParOldGen       total 836096K, used 835826K [0x0000000080000000, 0x00000000b3080000, 0x00000000d5580000)
  object space 836096K, 99% used [0x0000000080000000,0x00000000b303ca58,0x00000000b3080000)
 Metaspace       used 84875K, committed 86592K, reserved 1179648K
  class space    used 10124K, committed 10880K, reserved 1048576K
}
Event: 4240.343 GC heap after
{Heap after GC invocations=2111 (full 3):
 PSYoungGen      total 4608K, used 2528K [0x00000000d5580000, 0x00000000d6580000, 0x0000000100000000)
  eden space 2048K, 0% used [0x00000000d5580000,0x00000000d5580000,0x00000000d5780000)
  from space 2560K, 98% used [0x00000000d5d00000,0x00000000d5f780b0,0x00000000d5f80000)
  to   space 5632K, 0% used [0x00000000d5780000,0x00000000d5780000,0x00000000d5d00000)
 ParOldGen       total 838656K, used 838306K [0x0000000080000000, 0x00000000b3300000, 0x00000000d5580000)
  object space 838656K, 99% used [0x0000000080000000,0x00000000b32a8a58,0x00000000b3300000)
 Metaspace       used 84875K, committed 86592K, reserved 1179648K
  class space    used 10124K, committed 10880K, reserved 1048576K
}
Event: 4240.349 GC heap before
{Heap before GC invocations=2112 (full 3):
 PSYoungGen      total 4608K, used 4576K [0x00000000d5580000, 0x00000000d6580000, 0x0000000100000000)
  eden space 2048K, 100% used [0x00000000d5580000,0x00000000d5780000,0x00000000d5780000)
  from space 2560K, 98% used [0x00000000d5d00000,0x00000000d5f780b0,0x00000000d5f80000)
  to   space 5632K, 0% used [0x00000000d5780000,0x00000000d5780000,0x00000000d5d00000)
 ParOldGen       total 838656K, used 838306K [0x0000000080000000, 0x00000000b3300000, 0x00000000d5580000)
  object space 838656K, 99% used [0x0000000080000000,0x00000000b32a8a58,0x00000000b3300000)
 Metaspace       used 84875K, committed 86592K, reserved 1179648K
  class space    used 10124K, committed 10880K, reserved 1048576K
}
Event: 4240.353 GC heap after
{Heap after GC invocations=2112 (full 3):
 PSYoungGen      total 4608K, used 2112K [0x00000000d5580000, 0x00000000d5f00000, 0x0000000100000000)
  eden space 2048K, 0% used [0x00000000d5580000,0x00000000d5580000,0x00000000d5780000)
  from space 2560K, 82% used [0x00000000d5780000,0x00000000d5990000,0x00000000d5a00000)
  to   space 3584K, 0% used [0x00000000d5b80000,0x00000000d5b80000,0x00000000d5f00000)
 ParOldGen       total 841216K, used 840890K [0x0000000080000000, 0x00000000b3580000, 0x00000000d5580000)
  object space 841216K, 99% used [0x0000000080000000,0x00000000b352eb18,0x00000000b3580000)
 Metaspace       used 84875K, committed 86592K, reserved 1179648K
  class space    used 10124K, committed 10880K, reserved 1048576K
}
Event: 4240.362 GC heap before
{Heap before GC invocations=2113 (full 3):
 PSYoungGen      total 4608K, used 4160K [0x00000000d5580000, 0x00000000d5f00000, 0x0000000100000000)
  eden space 2048K, 100% used [0x00000000d5580000,0x00000000d5780000,0x00000000d5780000)
  from space 2560K, 82% used [0x00000000d5780000,0x00000000d5990000,0x00000000d5a00000)
  to   space 3584K, 0% used [0x00000000d5b80000,0x00000000d5b80000,0x00000000d5f00000)
 ParOldGen       total 841216K, used 840890K [0x0000000080000000, 0x00000000b3580000, 0x00000000d5580000)
  object space 841216K, 99% used [0x0000000080000000,0x00000000b352eb18,0x00000000b3580000)
 Metaspace       used 84875K, committed 86592K, reserved 1179648K
  class space    used 10124K, committed 10880K, reserved 1048576K
}
Event: 4240.367 GC heap after
{Heap after GC invocations=2113 (full 3):
 PSYoungGen      total 5120K, used 2144K [0x00000000d5580000, 0x00000000d5e00000, 0x0000000100000000)
  eden space 2560K, 0% used [0x00000000d5580000,0x00000000d5580000,0x00000000d5800000)
  from space 2560K, 83% used [0x00000000d5b80000,0x00000000d5d98000,0x00000000d5e00000)
  to   space 2560K, 0% used [0x00000000d5900000,0x00000000d5900000,0x00000000d5b80000)
 ParOldGen       total 843264K, used 842954K [0x0000000080000000, 0x00000000b3780000, 0x00000000d5580000)
  object space 843264K, 99% used [0x0000000080000000,0x00000000b3732b18,0x00000000b3780000)
 Metaspace       used 84875K, committed 86592K, reserved 1179648K
  class space    used 10124K, committed 10880K, reserved 1048576K
}
Event: 4240.376 GC heap before
{Heap before GC invocations=2114 (full 3):
 PSYoungGen      total 5120K, used 4704K [0x00000000d5580000, 0x00000000d5e00000, 0x0000000100000000)
  eden space 2560K, 100% used [0x00000000d5580000,0x00000000d5800000,0x00000000d5800000)
  from space 2560K, 83% used [0x00000000d5b80000,0x00000000d5d98000,0x00000000d5e00000)
  to   space 2560K, 0% used [0x00000000d5900000,0x00000000d5900000,0x00000000d5b80000)
 ParOldGen       total 843264K, used 842954K [0x0000000080000000, 0x00000000b3780000, 0x00000000d5580000)
  object space 843264K, 99% used [0x0000000080000000,0x00000000b3732b18,0x00000000b3780000)
 Metaspace       used 84875K, committed 86592K, reserved 1179648K
  class space    used 10124K, committed 10880K, reserved 1048576K
}
Event: 4240.382 GC heap after
{Heap after GC invocations=2114 (full 3):
 PSYoungGen      total 5632K, used 2560K [0x00000000d5580000, 0x00000000d6280000, 0x0000000100000000)
  eden space 3072K, 0% used [0x00000000d5580000,0x00000000d5580000,0x00000000d5880000)
  from space 2560K, 100% used [0x00000000d5900000,0x00000000d5b80000,0x00000000d5b80000)
  to   space 5120K, 0% used [0x00000000d5d80000,0x00000000d5d80000,0x00000000d6280000)
 ParOldGen       total 845312K, used 845050K [0x0000000080000000, 0x00000000b3980000, 0x00000000d5580000)
  object space 845312K, 99% used [0x0000000080000000,0x00000000b393eb18,0x00000000b3980000)
 Metaspace       used 84875K, committed 86592K, reserved 1179648K
  class space    used 10124K, committed 10880K, reserved 1048576K
}
Event: 4240.461 GC heap before
{Heap before GC invocations=2115 (full 3):
 PSYoungGen      total 5632K, used 5632K [0x00000000d5580000, 0x00000000d6280000, 0x0000000100000000)
  eden space 3072K, 100% used [0x00000000d5580000,0x00000000d5880000,0x00000000d5880000)
  from space 2560K, 100% used [0x00000000d5900000,0x00000000d5b80000,0x00000000d5b80000)
  to   space 5120K, 0% used [0x00000000d5d80000,0x00000000d5d80000,0x00000000d6280000)
 ParOldGen       total 845312K, used 845050K [0x0000000080000000, 0x00000000b3980000, 0x00000000d5580000)
  object space 845312K, 99% used [0x0000000080000000,0x00000000b393eb18,0x00000000b3980000)
 Metaspace       used 84883K, committed 86592K, reserved 1179648K
  class space    used 10125K, committed 10880K, reserved 1048576K
}
Event: 4240.466 GC heap after
{Heap after GC invocations=2115 (full 3):
 PSYoungGen      total 6144K, used 2000K [0x00000000d5580000, 0x00000000d5f80000, 0x0000000100000000)
  eden space 4096K, 0% used [0x00000000d5580000,0x00000000d5580000,0x00000000d5980000)
  from space 2048K, 97% used [0x00000000d5d80000,0x00000000d5f74010,0x00000000d5f80000)
  to   space 3072K, 0% used [0x00000000d5980000,0x00000000d5980000,0x00000000d5c80000)
 ParOldGen       total 847872K, used 847618K [0x0000000080000000, 0x00000000b3c00000, 0x00000000d5580000)
  object space 847872K, 99% used [0x0000000080000000,0x00000000b3bc0b18,0x00000000b3c00000)
 Metaspace       used 84883K, committed 86592K, reserved 1179648K
  class space    used 10125K, committed 10880K, reserved 1048576K
}
Event: 4240.532 GC heap before
{Heap before GC invocations=2116 (full 3):
 PSYoungGen      total 6144K, used 6096K [0x00000000d5580000, 0x00000000d5f80000, 0x0000000100000000)
  eden space 4096K, 100% used [0x00000000d5580000,0x00000000d5980000,0x00000000d5980000)
  from space 2048K, 97% used [0x00000000d5d80000,0x00000000d5f74010,0x00000000d5f80000)
  to   space 3072K, 0% used [0x00000000d5980000,0x00000000d5980000,0x00000000d5c80000)
 ParOldGen       total 847872K, used 847618K [0x0000000080000000, 0x00000000b3c00000, 0x00000000d5580000)
  object space 847872K, 99% used [0x0000000080000000,0x00000000b3bc0b18,0x00000000b3c00000)
 Metaspace       used 84918K, committed 86656K, reserved 1179648K
  class space    used 10126K, committed 10880K, reserved 1048576K
}
Event: 4240.537 GC heap after
{Heap after GC invocations=2116 (full 3):
 PSYoungGen      total 7168K, used 3070K [0x00000000d5580000, 0x00000000d6380000, 0x0000000100000000)
  eden space 4096K, 0% used [0x00000000d5580000,0x00000000d5580000,0x00000000d5980000)
  from space 3072K, 99% used [0x00000000d5980000,0x00000000d5c7faa0,0x00000000d5c80000)
  to   space 5120K, 0% used [0x00000000d5e80000,0x00000000d5e80000,0x00000000d6380000)
 ParOldGen       total 849408K, used 849138K [0x0000000080000000, 0x00000000b3d80000, 0x00000000d5580000)
  object space 849408K, 99% used [0x0000000080000000,0x00000000b3d3cb18,0x00000000b3d80000)
 Metaspace       used 84918K, committed 86656K, reserved 1179648K
  class space    used 10126K, committed 10880K, reserved 1048576K
}
Event: 4240.551 GC heap before
{Heap before GC invocations=2117 (full 3):
 PSYoungGen      total 7168K, used 7159K [0x00000000d5580000, 0x00000000d6380000, 0x0000000100000000)
  eden space 4096K, 99% used [0x00000000d5580000,0x00000000d597e428,0x00000000d5980000)
  from space 3072K, 99% used [0x00000000d5980000,0x00000000d5c7faa0,0x00000000d5c80000)
  to   space 5120K, 0% used [0x00000000d5e80000,0x00000000d5e80000,0x00000000d6380000)
 ParOldGen       total 849408K, used 849138K [0x0000000080000000, 0x00000000b3d80000, 0x00000000d5580000)
  object space 849408K, 99% used [0x0000000080000000,0x00000000b3d3cb18,0x00000000b3d80000)
 Metaspace       used 84918K, committed 86656K, reserved 1179648K
  class space    used 10126K, committed 10880K, reserved 1048576K
}
Event: 4240.558 GC heap after
{Heap after GC invocations=2117 (full 3):
 PSYoungGen      total 9728K, used 4106K [0x00000000d5580000, 0x00000000d6380000, 0x0000000100000000)
  eden space 4608K, 0% used [0x00000000d5580000,0x00000000d5580000,0x00000000d5a00000)
  from space 5120K, 80% used [0x00000000d5e80000,0x00000000d6282800,0x00000000d6380000)
  to   space 4608K, 0% used [0x00000000d5a00000,0x00000000d5a00000,0x00000000d5e80000)
 ParOldGen       total 852992K, used 852784K [0x0000000080000000, 0x00000000b4100000, 0x00000000d5580000)
  object space 852992K, 99% used [0x0000000080000000,0x00000000b40cc058,0x00000000b4100000)
 Metaspace       used 84918K, committed 86656K, reserved 1179648K
  class space    used 10126K, committed 10880K, reserved 1048576K
}
Event: 4618.595 GC heap before
{Heap before GC invocations=2118 (full 3):
 PSYoungGen      total 9728K, used 8713K [0x00000000d5580000, 0x00000000d6380000, 0x0000000100000000)
  eden space 4608K, 99% used [0x00000000d5580000,0x00000000d59ffff8,0x00000000d5a00000)
  from space 5120K, 80% used [0x00000000d5e80000,0x00000000d6282800,0x00000000d6380000)
  to   space 4608K, 0% used [0x00000000d5a00000,0x00000000d5a00000,0x00000000d5e80000)
 ParOldGen       total 852992K, used 852784K [0x0000000080000000, 0x00000000b4100000, 0x00000000d5580000)
  object space 852992K, 99% used [0x0000000080000000,0x00000000b40cc058,0x00000000b4100000)
 Metaspace       used 84935K, committed 86656K, reserved 1179648K
  class space    used 10126K, committed 10880K, reserved 1048576K
}
Event: 4618.691 GC heap after
{Heap after GC invocations=2118 (full 3):
 PSYoungGen      total 6656K, used 1792K [0x00000000d5580000, 0x00000000d6000000, 0x0000000100000000)
  eden space 4608K, 0% used [0x00000000d5580000,0x00000000d5580000,0x00000000d5a00000)
  from space 2048K, 87% used [0x00000000d5a00000,0x00000000d5bc0000,0x00000000d5c00000)
  to   space 3072K, 0% used [0x00000000d5d00000,0x00000000d5d00000,0x00000000d6000000)
 ParOldGen       total 857088K, used 856784K [0x0000000080000000, 0x00000000b4500000, 0x00000000d5580000)
  object space 857088K, 99% used [0x0000000080000000,0x00000000b44b4058,0x00000000b4500000)
 Metaspace       used 84935K, committed 86656K, reserved 1179648K
  class space    used 10126K, committed 10880K, reserved 1048576K
}
Event: 4892.816 GC heap before
{Heap before GC invocations=2119 (full 3):
 PSYoungGen      total 6656K, used 6400K [0x00000000d5580000, 0x00000000d6000000, 0x0000000100000000)
  eden space 4608K, 100% used [0x00000000d5580000,0x00000000d5a00000,0x00000000d5a00000)
  from space 2048K, 87% used [0x00000000d5a00000,0x00000000d5bc0000,0x00000000d5c00000)
  to   space 3072K, 0% used [0x00000000d5d00000,0x00000000d5d00000,0x00000000d6000000)
 ParOldGen       total 857088K, used 856784K [0x0000000080000000, 0x00000000b4500000, 0x00000000d5580000)
  object space 857088K, 99% used [0x0000000080000000,0x00000000b44b4058,0x00000000b4500000)
 Metaspace       used 85046K, committed 86784K, reserved 1179648K
  class space    used 10137K, committed 10880K, reserved 1048576K
}
Event: 4893.008 GC heap after
{Heap after GC invocations=2119 (full 3):
 PSYoungGen      total 5120K, used 256K [0x00000000d5580000, 0x00000000d5d80000, 0x0000000100000000)
  eden space 4608K, 0% used [0x00000000d5580000,0x00000000d5580000,0x00000000d5a00000)
  from space 512K, 50% used [0x00000000d5d00000,0x00000000d5d40000,0x00000000d5d80000)
  to   space 1024K, 0% used [0x00000000d5b80000,0x00000000d5b80000,0x00000000d5c80000)
 ParOldGen       total 858624K, used 858320K [0x0000000080000000, 0x00000000b4680000, 0x00000000d5580000)
  object space 858624K, 99% used [0x0000000080000000,0x00000000b4634058,0x00000000b4680000)
 Metaspace       used 85046K, committed 86784K, reserved 1179648K
  class space    used 10137K, committed 10880K, reserved 1048576K
}

