Running Gradle task 'assembleRelease'...                        
flutter : Your project is 
configured with Android NDK 
26.3.11579264, but the 
following plugin(s) depend 
on a different Android NDK 
version:
At line:1 char:1
+ flutter build apk > 
btest.txt 2>&1
+ ~~~~~~~~~~~~~~~~~~~~~~~~~~~
~~~~~~~
    + CategoryInfo           
   : NotSpecified: (Your pr  
  oject is...id NDK versio   
 n::String) [], RemoteExc    
eption
    + FullyQualifiedErrorId  
   : NativeCommandError
 
- audioplayers_android 
requires Android NDK 
27.0.12077973
- firebase_auth requires 
Android NDK 27.0.12077973
- firebase_core requires 
Android NDK 27.0.12077973
- firebase_database requires 
Android NDK 27.0.12077973
- firebase_messaging 
requires Android NDK 
27.0.12077973
- firebase_storage requires 
Android NDK 27.0.12077973
- 
flutter_local_notifications 
requires Android NDK 
27.0.12077973
- flutter_plugin_android_life
cycle requires Android NDK 
27.0.12077973
- geolocator_android 
requires Android NDK 
27.0.12077973
- 
google_maps_flutter_android 
requires Android NDK 
27.0.12077973
- path_provider_android 
requires Android NDK 
27.0.12077973
- shared_preferences_android 
requires Android NDK 
27.0.12077973
- sqflite_android requires 
Android NDK 27.0.12077973
- url_launcher_android 
requires Android NDK 
27.0.12077973
Fix this issue by using the 
highest Android NDK version 
(they are backward 
compatible).
Add the following to C:\Users
\RITESH\.gemini\antigravity\s
cratch\blindness_guardian\and
roid\app\build.gradle.kts:

    android {
        ndkVersion = 
"27.0.12077973"
        ...
    }

FAILURE: Build failed with 
an exception.

* What went wrong:
Execution failed for task ':a
pp:checkReleaseAarMetadata'.
> A failure occurred while 
executing com.android.build.g
radle.internal.tasks.CheckAar
MetadataWorkAction
   > An issue was found when 
checking AAR metadata:

       1.  Dependency ':flutt
er_local_notifications' 
requires core library 
desugaring to be enabled
           for :app.

           See https://develo
per.android.com/studio/write/
java8-support.html for more
           details.

* Try:
> Run with --stacktrace 
option to get the stack 
trace.
> Run with --info or --debug 
option to get more log 
output.
> Run with --scan to get 
full insights.
> Get more help at 
https://help.gradle.org.

BUILD FAILED in 13s
Running Gradle task 'assembleRelease'...                           13.4s
Gradle task assembleRelease 
failed with exit code 1
